<?xml version="1.0" encoding="utf-8"?><testsuites name="pytest tests"><testsuite name="pytest" errors="0" failures="0" skipped="0" tests="23" time="5.168" timestamp="2026-05-20T21:39:32.871588+00:00" hostname="agent-env-fb76dd6c-4c1f-4d3c-aed8-03436a8eacec"><testcase classname="backend.tests.test_phase4.TestExpandedCatalog" name="test_18_products_total" time="0.342" /><testcase classname="backend.tests.test_phase4.TestExpandedCatalog" name="test_products_have_brand_and_supplier" time="0.187" /><testcase classname="backend.tests.test_phase4.TestExpandedCatalog" name="test_new_products_present" time="0.133" /><testcase classname="backend.tests.test_phase4.TestOrderTracking" name="test_track_missing_email_400" time="1.238" /><testcase classname="backend.tests.test_phase4.TestOrderTracking" name="test_track_empty_email_400" time="0.127" /><testcase classname="backend.tests.test_phase4.TestOrderTracking" name="test_track_correct_id_and_email" time="0.111" /><testcase classname="backend.tests.test_phase4.TestOrderTracking" name="test_track_wrong_email_404" time="0.101" /><testcase classname="backend.tests.test_phase4.TestOrderTracking" name="test_track_unknown_id_404" time="0.161" /><testcase classname="backend.tests.test_phase4.TestMarketingChannels" name="test_channels_admin" time="0.463" /><testcase classname="backend.tests.test_phase4.TestMarketingChannels" name="test_channels_non_admin_403" time="0.123" /><testcase classname="backend.tests.test_phase4.TestMarketingChannels" name="test_channels_anonymous_401" time="0.215" /><testcase classname="backend.tests.test_phase4.TestMarketingCampaigns" name="test_create_invalid_channels_filtered" time="0.255" /><testcase classname="backend.tests.test_phase4.TestMarketingCampaigns" name="test_create_empty_channels_400" time="0.219" /><testcase classname="backend.tests.test_phase4.TestMarketingCampaigns" name="test_create_all_invalid_channels_400" time="0.126" /><testcase classname="backend.tests.test_phase4.TestMarketingCampaigns" name="test_list_campaigns_admin" time="0.224" /><testcase classname="backend.tests.test_phase4.TestMarketingCampaigns" name="test_list_campaigns_non_admin_403" time="0.124" /><testcase classname="backend.tests.test_phase4.TestMarketingCampaigns" name="test_send_campaign_graceful_no_op" time="0.235" /><testcase classname="backend.tests.test_phase4.TestMarketingCampaigns" name="test_send_unknown_campaign_404" time="0.123" /><testcase classname="backend.tests.test_phase4.TestMarketingCampaigns" name="test_delete_campaign_admin" time="0.213" /><testcase classname="backend.tests.test_phase4.TestNotificationSettingsMeta" name="test_put_meta_fields" time="0.140" /><testcase classname="backend.tests.test_phase4.TestNotificationSettingsMeta" name="test_get_returns_meta_fields" time="0.106" /><testcase classname="backend.tests.test_phase4.TestNotificationSettingsMeta" name="test_channels_status_after_setting" time="0.106" /><testcase classname="backend.tests.test_phase4.TestNotificationSettingsMeta" name="test_cleanup_meta_settings" time="0.001" /></testsuite></testsuites>