<?xml version="1.0" encoding="utf-8"?><testsuites name="pytest tests"><testsuite name="pytest" errors="0" failures="0" skipped="0" tests="24" time="5.615" timestamp="2026-05-25T22:07:47.992671+00:00" hostname="agent-env-fb76dd6c-4c1f-4d3c-aed8-03436a8eacec"><testcase classname="backend.tests.test_phase5.TestProductSearch" name="test_search_iphone" time="0.328" /><testcase classname="backend.tests.test_phase5.TestProductSearch" name="test_search_case_insensitive_hoodie" time="0.134" /><testcase classname="backend.tests.test_phase5.TestProductSearch" name="test_search_brand_apple" time="0.110" /><testcase classname="backend.tests.test_phase5.TestProductSearch" name="test_search_no_match" time="0.104" /><testcase classname="backend.tests.test_phase5.TestProductSort" name="test_sort_price_asc" time="0.142" /><testcase classname="backend.tests.test_phase5.TestProductSort" name="test_sort_price_desc" time="0.182" /><testcase classname="backend.tests.test_phase5.TestProductSort" name="test_sort_name_alpha" time="0.133" /><testcase classname="backend.tests.test_phase5.TestProductSort" name="test_sort_invalid_falls_back" time="0.147" /><testcase classname="backend.tests.test_phase5.TestProductPriceFilter" name="test_min_max_range" time="0.098" /><testcase classname="backend.tests.test_phase5.TestProductPriceFilter" name="test_min_only" time="0.102" /><testcase classname="backend.tests.test_phase5.TestProductPriceFilter" name="test_max_only" time="0.601" /><testcase classname="backend.tests.test_phase5.TestProductPriceFilter" name="test_combined_category_sort_max" time="0.146" /><testcase classname="backend.tests.test_phase5.TestWishlist" name="test_wishlist_requires_auth" time="0.108" /><testcase classname="backend.tests.test_phase5.TestWishlist" name="test_wishlist_toggle_requires_auth" time="0.120" /><testcase classname="backend.tests.test_phase5.TestWishlist" name="test_wishlist_empty_for_new_user" time="0.469" /><testcase classname="backend.tests.test_phase5.TestWishlist" name="test_wishlist_toggle_add_then_remove" time="0.615" /><testcase classname="backend.tests.test_phase5.TestWishlist" name="test_wishlist_toggle_invalid_product_404_on_add" time="0.106" /><testcase classname="backend.tests.test_phase5.TestWishlist" name="test_wishlist_toggle_unknown_remove_is_noop" time="0.217" /><testcase classname="backend.tests.test_phase5.TestCheckoutShipping" name="test_checkout_persists_shipping_address" time="1.115" /><testcase classname="backend.tests.test_phase5.TestStockDecrementCodePath" name="test_payment_status_paid_branch_decrements_stock" time="0.000" /><testcase classname="backend.tests.test_phase5.TestStockDecrementCodePath" name="test_products_have_stock_field" time="0.106" /><testcase classname="backend.tests.test_phase5.TestCatalogSanity" name="test_eighteen_products" time="0.128" /><testcase classname="backend.tests.test_phase5.TestCatalogSanity" name="test_categories_present" time="0.149" /><testcase classname="backend.tests.test_phase5.TestCatalogSanity" name="test_brands_present" time="0.109" /></testsuite></testsuites>