<?xml version="1.0" encoding="utf-8"?><testsuites name="pytest tests"><testsuite name="pytest" errors="0" failures="0" skipped="0" tests="109" time="84.450" timestamp="2026-05-25T22:07:57.628980+00:00" hostname="agent-env-fb76dd6c-4c1f-4d3c-aed8-03436a8eacec"><testcase classname="backend.tests.backend_test.TestHealth" name="test_root" time="0.105" /><testcase classname="backend.tests.backend_test.TestAuth" name="test_register_sets_cookie" time="0.361" /><testcase classname="backend.tests.backend_test.TestAuth" name="test_register_duplicate_email" time="0.458" /><testcase classname="backend.tests.backend_test.TestAuth" name="test_admin_login" time="0.686" /><testcase classname="backend.tests.backend_test.TestAuth" name="test_login_invalid_credentials" time="0.334" /><testcase classname="backend.tests.backend_test.TestAuth" name="test_auth_me_with_bearer" time="0.108" /><testcase classname="backend.tests.backend_test.TestAuth" name="test_auth_me_unauthorized" time="0.108" /><testcase classname="backend.tests.backend_test.TestAuth" name="test_logout_clears_cookies" time="0.468" /><testcase classname="backend.tests.backend_test.TestProducts" name="test_list_products" time="0.108" /><testcase classname="backend.tests.backend_test.TestProducts" name="test_filter_category_elektronika" time="0.134" /><testcase classname="backend.tests.backend_test.TestProducts" name="test_filter_featured" time="0.107" /><testcase classname="backend.tests.backend_test.TestProducts" name="test_get_single_product" time="0.230" /><testcase classname="backend.tests.backend_test.TestProducts" name="test_get_product_not_found" time="0.115" /><testcase classname="backend.tests.backend_test.TestProducts" name="test_create_product_non_admin_forbidden" time="0.424" /><testcase classname="backend.tests.backend_test.TestProducts" name="test_admin_product_crud" time="0.693" /><testcase classname="backend.tests.backend_test.TestCart" name="test_cart_full_flow" time="1.038" /><testcase classname="backend.tests.backend_test.TestCart" name="test_cart_requires_auth" time="0.112" /><testcase classname="backend.tests.backend_test.TestCart" name="test_cart_add_nonexistent_product" time="0.132" /><testcase classname="backend.tests.backend_test.TestOrders" name="test_orders_requires_auth" time="0.113" /><testcase classname="backend.tests.backend_test.TestOrders" name="test_customer_orders_empty_or_list" time="0.120" /><testcase classname="backend.tests.backend_test.TestOrders" name="test_admin_sees_orders" time="0.111" /><testcase classname="backend.tests.backend_test.TestPayments" name="test_checkout_empty_cart" time="0.505" /><testcase classname="backend.tests.backend_test.TestPayments" name="test_checkout_creates_session_and_order" time="1.112" /><testcase classname="backend.tests.backend_test.TestDiscountCodes" name="test_public_codes_lists_active" time="0.108" /><testcase classname="backend.tests.backend_test.TestDiscountCodes" name="test_admin_list_codes" time="0.097" /><testcase classname="backend.tests.backend_test.TestDiscountCodes" name="test_list_codes_forbidden_for_customer" time="0.112" /><testcase classname="backend.tests.backend_test.TestDiscountCodes" name="test_create_code_forbidden_for_customer" time="0.112" /><testcase classname="backend.tests.backend_test.TestDiscountCodes" name="test_admin_create_update_delete_code" time="0.561" /><testcase classname="backend.tests.backend_test.TestDiscountCodes" name="test_create_fixed_code" time="0.227" /><testcase classname="backend.tests.backend_test.TestDiscountCodes" name="test_create_code_invalid_type" time="0.109" /><testcase classname="backend.tests.backend_test.TestDiscountCodes" name="test_create_duplicate_code" time="0.115" /><testcase classname="backend.tests.backend_test.TestDiscountCodes" name="test_validate_valid_percentage" time="0.099" /><testcase classname="backend.tests.backend_test.TestDiscountCodes" name="test_validate_valid_fixed" time="0.110" /><testcase classname="backend.tests.backend_test.TestDiscountCodes" name="test_validate_case_insensitive" time="0.105" /><testcase classname="backend.tests.backend_test.TestDiscountCodes" name="test_validate_invalid_code" time="0.105" /><testcase classname="backend.tests.backend_test.TestDiscountCodes" name="test_validate_min_order_not_met" time="0.103" /><testcase classname="backend.tests.backend_test.TestOrderStatus" name="test_update_status_requires_admin" time="0.114" /><testcase classname="backend.tests.backend_test.TestOrderStatus" name="test_invalid_status" time="1.044" /><testcase classname="backend.tests.backend_test.TestOrderStatus" name="test_admin_update_status_shipped" time="0.994" /><testcase classname="backend.tests.backend_test.TestOrderStatus" name="test_update_nonexistent_order" time="0.118" /><testcase classname="backend.tests.backend_test.TestProductSupplierFields" name="test_seeded_products_have_supplier_and_brand" time="0.105" /><testcase classname="backend.tests.backend_test.TestProductSupplierFields" name="test_admin_create_product_with_supplier" time="0.218" /><testcase classname="backend.tests.backend_test.TestCheckoutWithDiscount" name="test_checkout_applies_discount_code" time="56.855" /><testcase classname="backend.tests.backend_test.TestCheckoutWithDiscount" name="test_checkout_ignores_invalid_min_order" time="1.238" /><testcase classname="backend.tests.backend_test.TestAdminChat" name="test_admin_chat_forbidden_for_customer" time="0.107" /><testcase classname="backend.tests.backend_test.TestAdminChat" name="test_admin_chat_requires_auth" time="0.112" /><testcase classname="backend.tests.backend_test.TestAdminChat" name="test_admin_chat_with_context" time="1.568" /><testcase classname="backend.tests.backend_test.TestChat" name="test_chat_latvian" time="1.348" /><testcase classname="backend.tests.backend_test.TestNotifications" name="test_status_requires_admin" time="0.113" /><testcase classname="backend.tests.backend_test.TestNotifications" name="test_status_unauthenticated" time="0.118" /><testcase classname="backend.tests.backend_test.TestNotifications" name="test_status_shape" time="0.120" /><testcase classname="backend.tests.backend_test.TestNotifications" name="test_settings_get_masks_secrets_and_returns_defaults" time="0.115" /><testcase classname="backend.tests.backend_test.TestNotifications" name="test_settings_put_empty_400" time="0.126" /><testcase classname="backend.tests.backend_test.TestNotifications" name="test_settings_put_forbidden_customer" time="0.132" /><testcase classname="backend.tests.backend_test.TestNotifications" name="test_settings_persistence" time="0.214" /><testcase classname="backend.tests.backend_test.TestNotifications" name="test_test_telegram_no_token_graceful" time="0.216" /><testcase classname="backend.tests.backend_test.TestNotifications" name="test_test_whatsapp_no_creds_graceful" time="0.227" /><testcase classname="backend.tests.backend_test.TestNotifications" name="test_test_both_returns_both_results" time="0.231" /><testcase classname="backend.tests.backend_test.TestNotifications" name="test_disabled_channel_returns_disabled_reason" time="0.342" /><testcase classname="backend.tests.backend_test.TestNotifications" name="test_test_requires_admin" time="0.111" /><testcase classname="backend.tests.backend_test.TestNotifications" name="test_log_returns_list" time="0.123" /><testcase classname="backend.tests.backend_test.TestNotifications" name="test_log_requires_admin" time="0.115" /><testcase classname="backend.tests.test_phase4.TestExpandedCatalog" name="test_18_products_total" time="0.123" /><testcase classname="backend.tests.test_phase4.TestExpandedCatalog" name="test_products_have_brand_and_supplier" time="0.118" /><testcase classname="backend.tests.test_phase4.TestExpandedCatalog" name="test_new_products_present" time="0.122" /><testcase classname="backend.tests.test_phase4.TestOrderTracking" name="test_track_missing_email_400" time="1.120" /><testcase classname="backend.tests.test_phase4.TestOrderTracking" name="test_track_empty_email_400" time="0.092" /><testcase classname="backend.tests.test_phase4.TestOrderTracking" name="test_track_correct_id_and_email" time="0.110" /><testcase classname="backend.tests.test_phase4.TestOrderTracking" name="test_track_wrong_email_404" time="0.106" /><testcase classname="backend.tests.test_phase4.TestOrderTracking" name="test_track_unknown_id_404" time="0.107" /><testcase classname="backend.tests.test_phase4.TestMarketingChannels" name="test_channels_admin" time="0.440" /><testcase classname="backend.tests.test_phase4.TestMarketingChannels" name="test_channels_non_admin_403" time="0.097" /><testcase classname="backend.tests.test_phase4.TestMarketingChannels" name="test_channels_anonymous_401" time="0.110" /><testcase classname="backend.tests.test_phase4.TestMarketingCampaigns" name="test_create_invalid_channels_filtered" time="0.206" /><testcase classname="backend.tests.test_phase4.TestMarketingCampaigns" name="test_create_empty_channels_400" time="0.131" /><testcase classname="backend.tests.test_phase4.TestMarketingCampaigns" name="test_create_all_invalid_channels_400" time="0.105" /><testcase classname="backend.tests.test_phase4.TestMarketingCampaigns" name="test_list_campaigns_admin" time="0.254" /><testcase classname="backend.tests.test_phase4.TestMarketingCampaigns" name="test_list_campaigns_non_admin_403" time="0.103" /><testcase classname="backend.tests.test_phase4.TestMarketingCampaigns" name="test_send_campaign_graceful_no_op" time="0.274" /><testcase classname="backend.tests.test_phase4.TestMarketingCampaigns" name="test_send_unknown_campaign_404" time="0.121" /><testcase classname="backend.tests.test_phase4.TestMarketingCampaigns" name="test_delete_campaign_admin" time="0.225" /><testcase classname="backend.tests.test_phase4.TestNotificationSettingsMeta" name="test_put_meta_fields" time="0.123" /><testcase classname="backend.tests.test_phase4.TestNotificationSettingsMeta" name="test_get_returns_meta_fields" time="0.108" /><testcase classname="backend.tests.test_phase4.TestNotificationSettingsMeta" name="test_channels_status_after_setting" time="0.105" /><testcase classname="backend.tests.test_phase4.TestNotificationSettingsMeta" name="test_cleanup_meta_settings" time="0.001" /><testcase classname="backend.tests.test_phase5.TestProductSearch" name="test_search_iphone" time="0.159" /><testcase classname="backend.tests.test_phase5.TestProductSearch" name="test_search_case_insensitive_hoodie" time="0.102" /><testcase classname="backend.tests.test_phase5.TestProductSearch" name="test_search_brand_apple" time="0.110" /><testcase classname="backend.tests.test_phase5.TestProductSearch" name="test_search_no_match" time="0.100" /><testcase classname="backend.tests.test_phase5.TestProductSort" name="test_sort_price_asc" time="0.102" /><testcase classname="backend.tests.test_phase5.TestProductSort" name="test_sort_price_desc" time="0.109" /><testcase classname="backend.tests.test_phase5.TestProductSort" name="test_sort_name_alpha" time="0.101" /><testcase classname="backend.tests.test_phase5.TestProductSort" name="test_sort_invalid_falls_back" time="0.104" /><testcase classname="backend.tests.test_phase5.TestProductPriceFilter" name="test_min_max_range" time="0.103" /><testcase classname="backend.tests.test_phase5.TestProductPriceFilter" name="test_min_only" time="0.125" /><testcase classname="backend.tests.test_phase5.TestProductPriceFilter" name="test_max_only" time="0.118" /><testcase classname="backend.tests.test_phase5.TestProductPriceFilter" name="test_combined_category_sort_max" time="0.131" /><testcase classname="backend.tests.test_phase5.TestWishlist" name="test_wishlist_requires_auth" time="0.104" /><testcase classname="backend.tests.test_phase5.TestWishlist" name="test_wishlist_toggle_requires_auth" time="0.106" /><testcase classname="backend.tests.test_phase5.TestWishlist" name="test_wishlist_empty_for_new_user" time="0.427" /><testcase classname="backend.tests.test_phase5.TestWishlist" name="test_wishlist_toggle_add_then_remove" time="0.626" /><testcase classname="backend.tests.test_phase5.TestWishlist" name="test_wishlist_toggle_invalid_product_404_on_add" time="0.109" /><testcase classname="backend.tests.test_phase5.TestWishlist" name="test_wishlist_toggle_unknown_remove_is_noop" time="0.220" /><testcase classname="backend.tests.test_phase5.TestCheckoutShipping" name="test_checkout_persists_shipping_address" time="0.805" /><testcase classname="backend.tests.test_phase5.TestStockDecrementCodePath" name="test_payment_status_paid_branch_decrements_stock" time="0.000" /><testcase classname="backend.tests.test_phase5.TestStockDecrementCodePath" name="test_products_have_stock_field" time="0.101" /><testcase classname="backend.tests.test_phase5.TestCatalogSanity" name="test_eighteen_products" time="0.142" /><testcase classname="backend.tests.test_phase5.TestCatalogSanity" name="test_categories_present" time="0.117" /><testcase classname="backend.tests.test_phase5.TestCatalogSanity" name="test_brands_present" time="0.131" /></testsuite></testsuites>