<?xml version="1.0" encoding="utf-8"?><testsuites name="pytest tests"><testsuite name="pytest" errors="0" failures="3" skipped="0" tests="24" time="9.900" timestamp="2026-05-20T20:27:59.086782+00:00" hostname="agent-env-fb76dd6c-4c1f-4d3c-aed8-03436a8eacec"><testcase classname="backend.tests.backend_test.TestHealth" name="test_root" time="0.144"><failure message="assert 404 == 200&#10; +  where 404 = &lt;Response [404]&gt;.status_code">E   assert 404 == 200
     +  where 404 = &lt;Response [404]&gt;.status_code</failure></testcase><testcase classname="backend.tests.backend_test.TestAuth" name="test_register_sets_cookie" time="0.345" /><testcase classname="backend.tests.backend_test.TestAuth" name="test_register_duplicate_email" time="0.465" /><testcase classname="backend.tests.backend_test.TestAuth" name="test_admin_login" time="0.706" /><testcase classname="backend.tests.backend_test.TestAuth" name="test_login_invalid_credentials" time="0.357" /><testcase classname="backend.tests.backend_test.TestAuth" name="test_auth_me_with_bearer" time="0.117" /><testcase classname="backend.tests.backend_test.TestAuth" name="test_auth_me_unauthorized" time="0.133" /><testcase classname="backend.tests.backend_test.TestAuth" name="test_logout_clears_cookies" time="0.477" /><testcase classname="backend.tests.backend_test.TestProducts" name="test_list_products" time="0.143" /><testcase classname="backend.tests.backend_test.TestProducts" name="test_filter_category_elektronika" time="0.122" /><testcase classname="backend.tests.backend_test.TestProducts" name="test_filter_featured" time="0.136" /><testcase classname="backend.tests.backend_test.TestProducts" name="test_get_single_product" time="0.265" /><testcase classname="backend.tests.backend_test.TestProducts" name="test_get_product_not_found" time="0.129" /><testcase classname="backend.tests.backend_test.TestProducts" name="test_create_product_non_admin_forbidden" time="0.459" /><testcase classname="backend.tests.backend_test.TestProducts" name="test_admin_product_crud" time="0.134"><failure message="AssertionError: Internal Server Error&#10;assert 500 == 200&#10; +  where 500 = &lt;Response [500]&gt;.status_code">E   AssertionError: Internal Server Error
    assert 500 == 200
     +  where 500 = &lt;Response [500]&gt;.status_code</failure></testcase><testcase classname="backend.tests.backend_test.TestCart" name="test_cart_full_flow" time="1.175" /><testcase classname="backend.tests.backend_test.TestCart" name="test_cart_requires_auth" time="0.105" /><testcase classname="backend.tests.backend_test.TestCart" name="test_cart_add_nonexistent_product" time="0.134" /><testcase classname="backend.tests.backend_test.TestOrders" name="test_orders_requires_auth" time="0.152" /><testcase classname="backend.tests.backend_test.TestOrders" name="test_customer_orders_empty_or_list" time="0.126" /><testcase classname="backend.tests.backend_test.TestOrders" name="test_admin_sees_orders" time="0.126" /><testcase classname="backend.tests.backend_test.TestPayments" name="test_checkout_empty_cart" time="0.492" /><testcase classname="backend.tests.backend_test.TestPayments" name="test_checkout_creates_session_and_order" time="1.355"><failure message="assert 500 == 200&#10; +  where 500 = &lt;Response [500]&gt;.status_code">E   assert 500 == 200
     +  where 500 = &lt;Response [500]&gt;.status_code</failure></testcase><testcase classname="backend.tests.backend_test.TestChat" name="test_chat_latvian" time="2.025" /></testsuite></testsuites>